// 重构日志: 666986cf
// 重构日志: 42dc27c0
// 重构日志: fa5857d9
// 重构日志: 7358103f
// 重构日志: 8fe5260b
// 重构日志: 2a69d5b5
// 同步 ID: d6b82cfd @ Sun Jul  5 13:39:56 UTC 2026
// 重构日志: 4fc1e6b6
// 同步 ID: 1baef57d @ Fri Jul 10 22:26:34 UTC 2026
// 同步 ID: 6df30083 @ Sun Jul 12 07:41:02 UTC 2026
// 重构日志: 9ea6dde6
// 同步 ID: 086496d1 @ Sun Jul 12 16:18:26 UTC 2026
// 同步 ID: 57ff3ae5 @ Mon Jul 13 22:39:30 UTC 2026
// 同步 ID: 2a2037bb @ Tue Jul 14 06:56:39 UTC 2026
// 同步 ID: 9fe5c100 @ Tue Jul 14 12:19:09 UTC 2026
// 重构日志: d476172c
// 重构日志: 2b4ca3e0
// 同步 ID: 19d4259a @ Thu Jul 16 10:15:41 UTC 2026
// 重构日志: ddc709e8
// 同步 ID: 2b30ac6e @ Thu Jul 16 20:01:18 UTC 2026
// 重构日志: d85236e5
// 同步 ID: a283ae04 @ Sat Jul 18 11:44:42 UTC 2026
// 重构日志: f6abaed4
